{"total": {"lines":{"total":110,"covered":110,"skipped":0,"pct":100},"statements":{"total":110,"covered":110,"skipped":0,"pct":100},"functions":{"total":9,"covered":8,"skipped":0,"pct":88.88},"branches":{"total":13,"covered":12,"skipped":0,"pct":92.3},"branchesTrue":{"total":0,"covered":0,"skipped":0,"pct":100}}
,"/home/kokke/TaskTrackr/client/src/components/weekly-report/basic-info-form.tsx": {"lines":{"total":106,"covered":106,"skipped":0,"pct":100},"functions":{"total":8,"covered":7,"skipped":0,"pct":87.5},"statements":{"total":106,"covered":106,"skipped":0,"pct":100},"branches":{"total":12,"covered":11,"skipped":0,"pct":91.66}}
,"/home/kokke/TaskTrackr/client/src/lib/utils.ts": {"lines":{"total":4,"covered":4,"skipped":0,"pct":100},"functions":{"total":1,"covered":1,"skipped":0,"pct":100},"statements":{"total":4,"covered":4,"skipped":0,"pct":100},"branches":{"total":1,"covered":1,"skipped":0,"pct":100}}
}
